Using pre-set license
Built from '2021.1/staging' branch; Version is '2021.1.7f1 (d91830b65d9b) revision 14227504'; Using compiler version '192528614'; Build Type 'Release'
OS: 'Windows 10 Home; OS build 19042.985; Version 2009; 64bit' Language: 'fi' Physical Memory: 16295 MB
BatchMode: 1, IsHumanControllingUs: 0, StartBugReporterOnCrash: 0, Is64bit: 1, IsPro: 0

 COMMAND LINE ARGUMENTS:
C:\Program Files\Unity\Hub\Editor\2021.1.7f1\Editor\Unity.exe
-adb2
-batchMode
-noUpm
-name
AssetImportWorker0
-projectPath
C:/Users/eetus/Opinnot/Omat/cellautom/cellautom
-logFile
Logs/AssetImportWorker0.log
-srvPort
59495
Successfully changed project path to: C:/Users/eetus/Opinnot/Omat/cellautom/cellautom
C:/Users/eetus/Opinnot/Omat/cellautom/cellautom
Using Asset Import Pipeline V2.
Refreshing native plugins compatible for Editor in 43.47 ms, found 1 plugins.
Preloading 0 native plugins for Editor in 0.00 ms.
Initialize engine version: 2021.1.7f1 (d91830b65d9b)
[Subsystems] Discovering subsystems at path C:/Program Files/Unity/Hub/Editor/2021.1.7f1/Editor/Data/Resources/UnitySubsystems
[Subsystems] Discovering subsystems at path C:/Users/eetus/Opinnot/Omat/cellautom/cellautom/Assets
GfxDevice: creating device client; threaded=0; jobified=0
Direct3D:
    Version:  Direct3D 11.0 [level 11.1]
    Renderer: NVIDIA GeForce RTX 2080 SUPER (ID=0x1e81)
    Vendor:   NVIDIA
    VRAM:     8010 MB
    Driver:   27.21.14.6089
Initialize mono
Mono path[0] = 'C:/Program Files/Unity/Hub/Editor/2021.1.7f1/Editor/Data/Managed'
Mono path[1] = 'C:/Program Files/Unity/Hub/Editor/2021.1.7f1/Editor/Data/MonoBleedingEdge/lib/mono/unityjit'
Mono config path = 'C:/Program Files/Unity/Hub/Editor/2021.1.7f1/Editor/Data/MonoBleedingEdge/etc'
Using monoOptions --debugger-agent=transport=dt_socket,embedding=1,server=y,suspend=n,address=127.0.0.1:56540
Begin MonoManager ReloadAssembly
Registering precompiled unity dll's ...
Register platform support module: C:/Program Files/Unity/Hub/Editor/2021.1.7f1/Editor/Data/PlaybackEngines/WindowsStandaloneSupport/UnityEditor.WindowsStandalone.Extensions.dll
Registered in 0.002322 seconds.
Native extension for WindowsStandalone target not found
Refreshing native plugins compatible for Editor in 64.98 ms, found 1 plugins.
Preloading 0 native plugins for Editor in 0.00 ms.
Mono: successfully reloaded assembly
- Completed reload, in  1.403 seconds
Platform modules already initialized, skipping
Registering precompiled user dll's ...
Registered in 0.002066 seconds.
Begin MonoManager ReloadAssembly
Native extension for WindowsStandalone target not found
Refreshing native plugins compatible for Editor in 78.68 ms, found 1 plugins.
Preloading 0 native plugins for Editor in 0.00 ms.
Mono: successfully reloaded assembly
- Completed reload, in  1.675 seconds
Platform modules already initialized, skipping
========================================================================
Worker process is ready to serve import requests
Launched and connected shader compiler UnityShaderCompiler.exe after 0.08 seconds
Refreshing native plugins compatible for Editor in 0.84 ms, found 1 plugins.
Preloading 0 native plugins for Editor in 0.00 ms.
Unloading 1833 Unused Serialized files (Serialized files now loaded: 0)
System memory in use before: 87.0 MB.
System memory in use after: 87.1 MB.

Unloading 19 unused Assets to reduce memory usage. Loaded Objects now: 2296.
Total: 2.809800 ms (FindLiveObjects: 0.245900 ms CreateObjectMapping: 0.044100 ms MarkObjects: 2.437300 ms  DeleteObjects: 0.080500 ms)

========================================================================
Received Import Request.
  path: Assets/cells.cs
  artifactKey: Guid(62d3513ae95bd5147afd446eb5880c94) Importer(815301076,1909f56bfc062723c751e8b465ee728b)
Start importing Assets/cells.cs using Guid(62d3513ae95bd5147afd446eb5880c94) Importer(815301076,1909f56bfc062723c751e8b465ee728b)  -> (artifact id: '2113dc5d48da90bc10119848ea693fbd') in 0.049342 seconds 
========================================================================
Received Prepare
Registering precompiled user dll's ...
Registered in 0.001972 seconds.
Begin MonoManager ReloadAssembly
Native extension for WindowsStandalone target not found
Refreshing native plugins compatible for Editor in 0.48 ms, found 1 plugins.
Preloading 0 native plugins for Editor in 0.00 ms.
Mono: successfully reloaded assembly
- Completed reload, in  0.945 seconds
Platform modules already initialized, skipping
Refreshing native plugins compatible for Editor in 0.42 ms, found 1 plugins.
Preloading 0 native plugins for Editor in 0.00 ms.
Unloading 1824 Unused Serialized files (Serialized files now loaded: 0)
System memory in use before: 86.6 MB.
System memory in use after: 86.7 MB.

Unloading 8 unused Assets to reduce memory usage. Loaded Objects now: 2299.
Total: 2.587100 ms (FindLiveObjects: 0.236300 ms CreateObjectMapping: 0.046800 ms MarkObjects: 2.288200 ms  DeleteObjects: 0.014300 ms)

========================================================================
Received Import Request.
  Time since last request: 112.914295 seconds.
  path: Assets/cells.cs
  artifactKey: Guid(62d3513ae95bd5147afd446eb5880c94) Importer(815301076,1909f56bfc062723c751e8b465ee728b)
Start importing Assets/cells.cs using Guid(62d3513ae95bd5147afd446eb5880c94) Importer(815301076,1909f56bfc062723c751e8b465ee728b)  -> (artifact id: '6a8188e141e4b78542206db9994235f6') in 0.012659 seconds 
========================================================================
Received Prepare
Registering precompiled user dll's ...
Registered in 0.001315 seconds.
Begin MonoManager ReloadAssembly
Native extension for WindowsStandalone target not found
Refreshing native plugins compatible for Editor in 0.43 ms, found 1 plugins.
Preloading 0 native plugins for Editor in 0.00 ms.
Mono: successfully reloaded assembly
- Completed reload, in  0.789 seconds
Platform modules already initialized, skipping
Refreshing native plugins compatible for Editor in 0.43 ms, found 1 plugins.
Preloading 0 native plugins for Editor in 0.00 ms.
Unloading 1824 Unused Serialized files (Serialized files now loaded: 0)
System memory in use before: 86.6 MB.
System memory in use after: 86.7 MB.

Unloading 8 unused Assets to reduce memory usage. Loaded Objects now: 2302.
Total: 2.430700 ms (FindLiveObjects: 0.374900 ms CreateObjectMapping: 0.068900 ms MarkObjects: 1.969800 ms  DeleteObjects: 0.015500 ms)

========================================================================
Received Import Request.
  Time since last request: 10792.513645 seconds.
  path: Assets
  artifactKey: Guid(00000000000000001000000000000000) Importer(815301076,1909f56bfc062723c751e8b465ee728b)
Start importing Assets using Guid(00000000000000001000000000000000) Importer(815301076,1909f56bfc062723c751e8b465ee728b)  -> (artifact id: '42d402b061de3733987d63b9cc3b64de') in 0.053879 seconds 
AssetImportWorkerClient::OnTransportError - code=2 error=End of file
